{"uuid":"7bbfc88c-8cb4-466b-932a-7cd674202610","historyId":"9d1b774e30ae74c1b963f0784e6f40e0","fullName":"com.qa.javaCompiler.tests.DashboardPageTest.navigateToDashboardPage","labels":[{"name":"package","value":"com.qa.javaCompiler.tests.DashboardPageTest"},{"name":"testClass","value":"com.qa.javaCompiler.tests.DashboardPageTest"},{"name":"testMethod","value":"navigateToDashboardPage"},{"name":"parentSuite","value":"Default Suite"},{"name":"suite","value":"TestNGTest-e888aebf-0365-44c8-abc4-1e0ee8f74c32"},{"name":"subSuite","value":"com.qa.javaCompiler.tests.DashboardPageTest"},{"name":"host","value":"DESKTOP-TBF9E0U"},{"name":"thread","value":"12040@DESKTOP-TBF9E0U.main(1)"},{"name":"framework","value":"testng"},{"name":"language","value":"java"}],"links":[],"name":"navigateToDashboardPage","status":"skipped","statusDetails":{"known":false,"muted":false,"flaky":false,"message":"Failed to create driver","trace":"java.lang.RuntimeException: Failed to create driver\r\n\tat com.microsoft.playwright.impl.driver.Driver.createAndInstall(Driver.java:105)\r\n\tat com.microsoft.playwright.impl.driver.Driver.ensureDriverInstalled(Driver.java:57)\r\n\tat com.microsoft.playwright.impl.PlaywrightImpl.createImpl(PlaywrightImpl.java:46)\r\n\tat com.microsoft.playwright.impl.PlaywrightImpl.create(PlaywrightImpl.java:36)\r\n\tat com.microsoft.playwright.Playwright.create(Playwright.java:110)\r\n\tat com.microsoft.playwright.Playwright.create(Playwright.java:114)\r\n\tat com.qa.javaCompiler.factory.PlaywrightFactory.initBrowser(PlaywrightFactory.java:49)\r\n\tat com.qa.javaCompiler.base.BaseTest.setUp(BaseTest.java:30)\r\n\tat java.base/jdk.internal.reflect.NativeMethodAccessorImpl.invoke0(Native Method)\r\n\tat java.base/jdk.internal.reflect.NativeMethodAccessorImpl.invoke(NativeMethodAccessorImpl.java:77)\r\n\tat java.base/jdk.internal.reflect.DelegatingMethodAccessorImpl.invoke(DelegatingMethodAccessorImpl.java:43)\r\n\tat java.base/java.lang.reflect.Method.invoke(Method.java:568)\r\n\tat org.testng.internal.invokers.MethodInvocationHelper.invokeMethod(MethodInvocationHelper.java:141)\r\n\tat org.testng.internal.invokers.MethodInvocationHelper.invokeMethodConsideringTimeout(MethodInvocationHelper.java:71)\r\n\tat org.testng.internal.invokers.ConfigInvoker.invokeConfigurationMethod(ConfigInvoker.java:400)\r\n\tat org.testng.internal.invokers.ConfigInvoker.invokeConfigurations(ConfigInvoker.java:333)\r\n\tat org.testng.internal.invokers.TestMethodWorker.invokeBeforeClassMethods(TestMethodWorker.java:188)\r\n\tat org.testng.internal.invokers.TestMethodWorker.run(TestMethodWorker.java:128)\r\n\tat java.base/java.util.ArrayList.forEach(ArrayList.java:1511)\r\n\tat org.testng.TestRunner.privateRun(TestRunner.java:739)\r\n\tat org.testng.TestRunner.run(TestRunner.java:614)\r\n\tat org.testng.SuiteRunner.runTest(SuiteRunner.java:421)\r\n\tat org.testng.SuiteRunner.runSequentially(SuiteRunner.java:413)\r\n\tat org.testng.SuiteRunner.privateRun(SuiteRunner.java:373)\r\n\tat org.testng.SuiteRunner.run(SuiteRunner.java:312)\r\n\tat org.testng.SuiteRunnerWorker.runSuite(SuiteRunnerWorker.java:52)\r\n\tat org.testng.SuiteRunnerWorker.run(SuiteRunnerWorker.java:95)\r\n\tat org.testng.TestNG.runSuitesSequentially(TestNG.java:1274)\r\n\tat org.testng.TestNG.runSuitesLocally(TestNG.java:1208)\r\n\tat org.testng.TestNG.runSuites(TestNG.java:1112)\r\n\tat org.testng.TestNG.run(TestNG.java:1079)\r\n\tat com.microsoft.java.test.runner.testng.TestNGRunner.run(TestNGRunner.java:45)\r\n\tat com.microsoft.java.test.runner.testng.TestNGLauncher.execute(TestNGLauncher.java:32)\r\n\tat com.microsoft.java.test.runner.Launcher.main(Launcher.java:57)\r\nCaused by: java.lang.RuntimeException: Failed to install browsers, exit code: 1\r\n\tat com.microsoft.playwright.impl.driver.jar.DriverJar.installBrowsers(DriverJar.java:99)\r\n\tat com.microsoft.playwright.impl.driver.jar.DriverJar.initialize(DriverJar.java:68)\r\n\tat com.microsoft.playwright.impl.driver.Driver.initialize(Driver.java:64)\r\n\tat com.microsoft.playwright.impl.driver.Driver.createAndInstall(Driver.java:101)\r\n\t... 33 more\r\n"},"stage":"finished","steps":[],"attachments":[],"parameters":[],"start":1755059461896,"stop":1755059461896}